Added Component: Designator=P6(HDR1X3)
Add component. Clean all parameters for all variants
Add component (AddParameter): Name = "LatestRevisionDate"; Value = "17-Jul-2002"; VariantName = "[No Variations]"
Add component (AddParameter): Name = "LatestRevisionNote"; Value = "Re-released for DXP Platform."; VariantName = "[No Variations]"
Add component (AddParameter): Name = "Publisher"; Value = "Altium Limited"; VariantName = "[No Variations]"
Added Pin To Net: NetName=ADC2 Pin=J1-5
Added Pin To Net: NetName=ADC2 Pin=U1-46
Added Net: Name=ADC2
Added Pin To Net: NetName=ADC3 Pin=J1-4
Added Pin To Net: NetName=ADC3 Pin=U1-45
Added Net: Name=ADC3
Added Pin To Net: NetName=ADC4 Pin=J1-2
Added Pin To Net: NetName=ADC4 Pin=U1-42
Added Net: Name=ADC4
Added Pin To Net: NetName=ADC5 Pin=J1-3
Added Pin To Net: NetName=ADC5 Pin=U1-41
Added Net: Name=ADC5
Added Pin To Net: NetName=ADC6 Pin=J1-1
Added Pin To Net: NetName=ADC6 Pin=U1-40
Added Net: Name=ADC6
Added Pin To Net: NetName=ADC7 Pin=J11-1
Added Pin To Net: NetName=ADC7 Pin=U1-39
Added Net: Name=ADC7
Added Pin To Net: NetName=ADC12 Pin=J11-2
Added Pin To Net: NetName=ADC12 Pin=U1-38
Added Net: Name=ADC12
Added Pin To Net: NetName=ADC13 Pin=J11-3
Added Pin To Net: NetName=ADC13 Pin=U1-37
Added Net: Name=ADC13
Added Pin To Net: NetName=BEEP Pin=R3-1
Added Pin To Net: NetName=BEEP Pin=U1-30
Added Net: Name=BEEP
Added Pin To Net: NetName=DC+3.3V Pin=C3-2
Added Pin To Net: NetName=DC+3.3V Pin=C4-2
Added Pin To Net: NetName=DC+3.3V Pin=C5-2
Added Pin To Net: NetName=DC+3.3V Pin=C17-1
Added Pin To Net: NetName=DC+3.3V Pin=C19-2
Added Pin To Net: NetName=DC+3.3V Pin=FB1-2
Added Pin To Net: NetName=DC+3.3V Pin=J1-7
Added Pin To Net: NetName=DC+3.3V Pin=J1-8
Added Pin To Net: NetName=DC+3.3V Pin=J2-1
Added Pin To Net: NetName=DC+3.3V Pin=J3-1
Added Pin To Net: NetName=DC+3.3V Pin=J4-4
Added Pin To Net: NetName=DC+3.3V Pin=J6-1
Added Pin To Net: NetName=DC+3.3V Pin=J11-6
Added Pin To Net: NetName=DC+3.3V Pin=J11-5
Added Pin To Net: NetName=DC+3.3V Pin=P1-1
Added Pin To Net: NetName=DC+3.3V Pin=Q1-E
Added Pin To Net: NetName=DC+3.3V Pin=R7-1
Added Pin To Net: NetName=DC+3.3V Pin=R8-1
Added Pin To Net: NetName=DC+3.3V Pin=R9-1
Added Pin To Net: NetName=DC+3.3V Pin=R10-1
Added Pin To Net: NetName=DC+3.3V Pin=R11-1
Added Pin To Net: NetName=DC+3.3V Pin=R12-1
Added Pin To Net: NetName=DC+3.3V Pin=R13-1
Added Pin To Net: NetName=DC+3.3V Pin=R15-1
Added Pin To Net: NetName=DC+3.3V Pin=R16-1
Added Pin To Net: NetName=DC+3.3V Pin=R17-1
Added Pin To Net: NetName=DC+3.3V Pin=R22-2
Added Pin To Net: NetName=DC+3.3V Pin=R26-2
Added Pin To Net: NetName=DC+3.3V Pin=T1-1
Added Pin To Net: NetName=DC+3.3V Pin=T1-8
Added Pin To Net: NetName=DC+3.3V Pin=U1-8
Added Pin To Net: NetName=DC+3.3V Pin=U1-49
Added Pin To Net: NetName=DC+3.3V Pin=U1-70
Added Pin To Net: NetName=DC+3.3V Pin=U3-5
Added Pin To Net: NetName=DC+3.3V Pin=U3-6
Added Net: Name=DC+3.3V
Added Pin To Net: NetName=DC+5V Pin=C12-1
Added Pin To Net: NetName=DC+5V Pin=C13-2
Added Pin To Net: NetName=DC+5V Pin=C14-2
Added Pin To Net: NetName=DC+5V Pin=C15-2
Added Pin To Net: NetName=DC+5V Pin=C18-1
Added Pin To Net: NetName=DC+5V Pin=C24-1
Added Pin To Net: NetName=DC+5V Pin=C25-2
Added Pin To Net: NetName=DC+5V Pin=CON1-2
Added Pin To Net: NetName=DC+5V Pin=CON2-2
Added Pin To Net: NetName=DC+5V Pin=J5-5
Added Pin To Net: NetName=DC+5V Pin=J7-1
Added Pin To Net: NetName=DC+5V Pin=P6-1
Added Pin To Net: NetName=DC+5V Pin=R19-2
Added Pin To Net: NetName=DC+5V Pin=R21-2
Added Pin To Net: NetName=DC+5V Pin=U2-7
Added Pin To Net: NetName=DC+5V Pin=U2-8
Added Pin To Net: NetName=DC+5V Pin=U3-3
Added Pin To Net: NetName=DC+5V Pin=U3-4
Added Pin To Net: NetName=DC+5V Pin=U4-4
Added Pin To Net: NetName=DC+5V Pin=U5-4
Added Net: Name=DC+5V
Added Pin To Net: NetName=DC+12V Pin=C20-1
Added Pin To Net: NetName=DC+12V Pin=C21-2
Added Pin To Net: NetName=DC+12V Pin=C22-1
Added Pin To Net: NetName=DC+12V Pin=C23-2
Added Pin To Net: NetName=DC+12V Pin=P4-1
Added Pin To Net: NetName=DC+12V Pin=P4-2
Added Pin To Net: NetName=DC+12V Pin=P4-3
Added Pin To Net: NetName=DC+12V Pin=R25-2
Added Pin To Net: NetName=DC+12V Pin=U4-5
Added Pin To Net: NetName=DC+12V Pin=U5-5
Added Net: Name=DC+12V
Added Pin To Net: NetName=ECHO Pin=P1-3
Added Pin To Net: NetName=ECHO Pin=U1-1
Added Net: Name=ECHO
Added Pin To Net: NetName=encoder1_A Pin=CON1-3
Added Pin To Net: NetName=encoder1_A Pin=U1-62
Added Net: Name=encoder1_A
Added Pin To Net: NetName=encoder1_B Pin=CON1-4
Added Pin To Net: NetName=encoder1_B Pin=U1-68
Added Net: Name=encoder1_B
Added Pin To Net: NetName=encoder2_A Pin=CON2-3
Added Pin To Net: NetName=encoder2_A Pin=U1-51
Added Net: Name=encoder2_A
Added Pin To Net: NetName=encoder2_B Pin=CON2-4
Added Pin To Net: NetName=encoder2_B Pin=U1-43
Added Net: Name=encoder2_B
Added Pin To Net: NetName=EXTAL Pin=C6-2
Added Pin To Net: NetName=EXTAL Pin=R14-2
Added Pin To Net: NetName=EXTAL Pin=U1-13
Added Pin To Net: NetName=EXTAL Pin=Y1-3
Added Net: Name=EXTAL
Added Pin To Net: NetName=GND Pin=Beep1-2
Added Pin To Net: NetName=GND Pin=C1-1
Added Pin To Net: NetName=GND Pin=C2-1
Added Pin To Net: NetName=GND Pin=C3-1
Added Pin To Net: NetName=GND Pin=C4-1
Added Pin To Net: NetName=GND Pin=C5-1
Added Pin To Net: NetName=GND Pin=C6-1
Added Pin To Net: NetName=GND Pin=C7-1
Added Pin To Net: NetName=GND Pin=C8-1
Added Pin To Net: NetName=GND Pin=C17-2
Added Pin To Net: NetName=GND Pin=C18-2
Added Pin To Net: NetName=GND Pin=C19-1
Added Pin To Net: NetName=GND Pin=C24-2
Added Pin To Net: NetName=GND Pin=C25-1
Added Pin To Net: NetName=GND Pin=C40-2
Added Pin To Net: NetName=GND Pin=C41-2
Added Pin To Net: NetName=GND Pin=C42-2
Added Pin To Net: NetName=GND Pin=C43-2
Added Pin To Net: NetName=GND Pin=CON1-5
Added Pin To Net: NetName=GND Pin=CON2-5
Added Pin To Net: NetName=GND Pin=J1-6
Added Pin To Net: NetName=GND Pin=J2-2
Added Pin To Net: NetName=GND Pin=J3-3
Added Pin To Net: NetName=GND Pin=J3-5
Added Pin To Net: NetName=GND Pin=J4-1
Added Pin To Net: NetName=GND Pin=J5-6
Added Pin To Net: NetName=GND Pin=J10-1
Added Pin To Net: NetName=GND Pin=J11-4
Added Pin To Net: NetName=GND Pin=L2-1
Added Pin To Net: NetName=GND Pin=L3-1
Added Pin To Net: NetName=GND Pin=P1-4
Added Pin To Net: NetName=GND Pin=P1-5
Added Pin To Net: NetName=GND Pin=P6-2
Added Pin To Net: NetName=GND Pin=S5-1
Added Pin To Net: NetName=GND Pin=SW1-1
Added Pin To Net: NetName=GND Pin=SW1-2
Added Pin To Net: NetName=GND Pin=SW1-3
Added Pin To Net: NetName=GND Pin=SW1-4
Added Pin To Net: NetName=GND Pin=SW1-5
Added Pin To Net: NetName=GND Pin=T1-2
Added Pin To Net: NetName=GND Pin=U1-11
Added Pin To Net: NetName=GND Pin=U1-12
Added Pin To Net: NetName=GND Pin=U1-48
Added Pin To Net: NetName=GND Pin=U1-69
Added Pin To Net: NetName=GND Pin=U3-1
Added Pin To Net: NetName=GND Pin=U3-2
Added Net: Name=GND
Added Pin To Net: NetName=I2C0_SCL Pin=R1-1
Added Pin To Net: NetName=I2C0_SCL Pin=U1-59
Added Net: Name=I2C0_SCL
Added Pin To Net: NetName=I2C0_SDA Pin=R2-1
Added Pin To Net: NetName=I2C0_SDA Pin=U1-60
Added Net: Name=I2C0_SDA
Added Pin To Net: NetName=IGND Pin=C9-1
Added Pin To Net: NetName=IGND Pin=C10-1
Added Pin To Net: NetName=IGND Pin=C11-1
Added Pin To Net: NetName=IGND Pin=C12-2
Added Pin To Net: NetName=IGND Pin=C13-1
Added Pin To Net: NetName=IGND Pin=C14-1
Added Pin To Net: NetName=IGND Pin=C15-1
Added Pin To Net: NetName=IGND Pin=C16-1
Added Pin To Net: NetName=IGND Pin=C20-2
Added Pin To Net: NetName=IGND Pin=C21-1
Added Pin To Net: NetName=IGND Pin=C22-2
Added Pin To Net: NetName=IGND Pin=C23-1
Added Pin To Net: NetName=IGND Pin=J8-1
Added Pin To Net: NetName=IGND Pin=L2-2
Added Pin To Net: NetName=IGND Pin=L3-2
Added Pin To Net: NetName=IGND Pin=P2-1
Added Pin To Net: NetName=IGND Pin=P2-2
Added Pin To Net: NetName=IGND Pin=P2-3
Added Pin To Net: NetName=IGND Pin=P5-2
Added Pin To Net: NetName=IGND Pin=R20-1
Added Pin To Net: NetName=IGND Pin=R23-1
Added Pin To Net: NetName=IGND Pin=R24-1
Added Pin To Net: NetName=IGND Pin=U2-4
Added Pin To Net: NetName=IGND Pin=U2-6
Added Pin To Net: NetName=IGND Pin=U2-10
Added Pin To Net: NetName=IGND Pin=U2-15
Added Pin To Net: NetName=IGND Pin=U4-1
Added Pin To Net: NetName=IGND Pin=U5-1
Added Net: Name=IGND
Added Pin To Net: NetName=INFR_ADC Pin=J9-1
Added Pin To Net: NetName=INFR_ADC Pin=P6-3
Added Pin To Net: NetName=INFR_ADC Pin=U1-32
Added Net: Name=INFR_ADC
Added Pin To Net: NetName=IRQ1 Pin=J4-3
Added Pin To Net: NetName=IRQ1 Pin=U1-66
Added Net: Name=IRQ1
Added Pin To Net: NetName=KEY1 Pin=C40-1
Added Pin To Net: NetName=KEY1 Pin=P13-1
Added Pin To Net: NetName=KEY1 Pin=R8-2
Added Pin To Net: NetName=KEY1 Pin=U1-4
Added Net: Name=KEY1
Added Pin To Net: NetName=KEY2 Pin=C41-1
Added Pin To Net: NetName=KEY2 Pin=P13-2
Added Pin To Net: NetName=KEY2 Pin=R10-2
Added Pin To Net: NetName=KEY2 Pin=U1-5
Added Net: Name=KEY2
Added Pin To Net: NetName=KEY3 Pin=C42-1
Added Pin To Net: NetName=KEY3 Pin=P13-3
Added Pin To Net: NetName=KEY3 Pin=R13-2
Added Pin To Net: NetName=KEY3 Pin=U1-6
Added Net: Name=KEY3
Added Pin To Net: NetName=KEY4 Pin=C43-1
Added Pin To Net: NetName=KEY4 Pin=P13-4
Added Pin To Net: NetName=KEY4 Pin=R16-2
Added Pin To Net: NetName=KEY4 Pin=U1-7
Added Net: Name=KEY4
Added Pin To Net: NetName=KEY5 Pin=P13-5
Added Pin To Net: NetName=KEY5 Pin=U1-19
Added Net: Name=KEY5
Added Pin To Net: NetName=KEY6 Pin=P13-6
Added Pin To Net: NetName=KEY6 Pin=U1-20
Added Net: Name=KEY6
Added Pin To Net: NetName=KEY7 Pin=P13-7
Added Pin To Net: NetName=KEY7 Pin=U1-21
Added Net: Name=KEY7
Added Pin To Net: NetName=KEY8 Pin=P13-8
Added Pin To Net: NetName=KEY8 Pin=U1-22
Added Net: Name=KEY8
Added Pin To Net: NetName=LED1 Pin=R5-2
Added Pin To Net: NetName=LED1 Pin=U1-73
Added Net: Name=LED1
Added Pin To Net: NetName=LED2 Pin=R4-2
Added Pin To Net: NetName=LED2 Pin=U1-72
Added Net: Name=LED2
Added Pin To Net: NetName=Motor1+ Pin=CON1-1
Added Pin To Net: NetName=Motor1+ Pin=U4-6
Added Net: Name=Motor1+
Added Pin To Net: NetName=Motor1- Pin=CON1-6
Added Pin To Net: NetName=Motor1- Pin=U4-8
Added Net: Name=Motor1-
Added Pin To Net: NetName=Motor2+ Pin=CON2-1
Added Pin To Net: NetName=Motor2+ Pin=U5-6
Added Net: Name=Motor2+
Added Pin To Net: NetName=Motor2- Pin=CON2-6
Added Pin To Net: NetName=Motor2- Pin=U5-8
Added Net: Name=Motor2-
Added Pin To Net: NetName=NetBeep1_1 Pin=Beep1-1
Added Pin To Net: NetName=NetBeep1_1 Pin=R6-1
Added Net: Name=NetBeep1_1
Added Pin To Net: NetName=NetC1_2 Pin=C1-2
Added Pin To Net: NetName=NetC1_2 Pin=C2-2
Added Pin To Net: NetName=NetC1_2 Pin=FB1-1
Added Pin To Net: NetName=NetC1_2 Pin=U1-9
Added Pin To Net: NetName=NetC1_2 Pin=U1-10
Added Net: Name=NetC1_2
Added Pin To Net: NetName=NetC16_2 Pin=C16-2
Added Pin To Net: NetName=NetC16_2 Pin=U2-3
Added Net: Name=NetC16_2
Added Pin To Net: NetName=NetD1_A Pin=R4-1
Added Net: Name=NetD1_A
Added Pin To Net: NetName=NetD2_A Pin=R5-1
Added Net: Name=NetD2_A
Added Pin To Net: NetName=NetD3_A Pin=R25-1
Added Net: Name=NetD3_A
Added Pin To Net: NetName=NetD4_A Pin=R26-1
Added Net: Name=NetD4_A
Added Pin To Net: NetName=NetJ2_3 Pin=J2-3
Added Pin To Net: NetName=NetJ2_3 Pin=R1-2
Added Net: Name=NetJ2_3
Added Pin To Net: NetName=NetJ2_4 Pin=J2-4
Added Pin To Net: NetName=NetJ2_4 Pin=R2-2
Added Net: Name=NetJ2_4
Added Pin To Net: NetName=NetL1_1 Pin=L1-1
Added Pin To Net: NetName=NetL1_1 Pin=U2-11
Added Net: Name=NetL1_1
Added Pin To Net: NetName=NetL1_2 Pin=L1-2
Added Pin To Net: NetName=NetL1_2 Pin=U2-9
Added Net: Name=NetL1_2
Added Pin To Net: NetName=NetQ1_B Pin=Q1-B
Added Pin To Net: NetName=NetQ1_B Pin=R3-2
Added Net: Name=NetQ1_B
Added Pin To Net: NetName=NetQ1_C Pin=Q1-C
Added Pin To Net: NetName=NetQ1_C Pin=R6-2
Added Net: Name=NetQ1_C
Added Pin To Net: NetName=NetR18_1 Pin=R18-1
Added Pin To Net: NetName=NetR18_1 Pin=U2-1
Added Pin To Net: NetName=NetR18_1 Pin=U2-14
Added Net: Name=NetR18_1
Added Pin To Net: NetName=NetR19_1 Pin=R19-1
Added Pin To Net: NetName=NetR19_1 Pin=R20-2
Added Pin To Net: NetName=NetR19_1 Pin=U2-5
Added Net: Name=NetR19_1
Added Pin To Net: NetName=NetR21_1 Pin=R21-1
Added Pin To Net: NetName=NetR21_1 Pin=U2-2
Added Net: Name=NetR21_1
Added Pin To Net: NetName=NetR22_1 Pin=R22-1
Added Pin To Net: NetName=NetR22_1 Pin=U3-8
Added Net: Name=NetR22_1
Added Pin To Net: NetName=NetR23_2 Pin=R23-2
Added Pin To Net: NetName=NetR23_2 Pin=U4-7
Added Net: Name=NetR23_2
Added Pin To Net: NetName=NetR24_2 Pin=R24-2
Added Pin To Net: NetName=NetR24_2 Pin=U5-7
Added Net: Name=NetR24_2
Added Pin To Net: NetName=POWER_ADC1 Pin=J5-2
Added Pin To Net: NetName=POWER_ADC1 Pin=U1-25
Added Net: Name=POWER_ADC1
Added Pin To Net: NetName=PWM1 Pin=U1-52
Added Pin To Net: NetName=PWM1 Pin=U4-3
Added Net: Name=PWM1
Added Pin To Net: NetName=PWM2 Pin=U1-53
Added Pin To Net: NetName=PWM2 Pin=U4-2
Added Net: Name=PWM2
Added Pin To Net: NetName=PWM3 Pin=U1-54
Added Pin To Net: NetName=PWM3 Pin=U5-3
Added Net: Name=PWM3
Added Pin To Net: NetName=PWM4 Pin=U1-55
Added Pin To Net: NetName=PWM4 Pin=U5-2
Added Net: Name=PWM4
Added Pin To Net: NetName=RESET Pin=C7-2
Added Pin To Net: NetName=RESET Pin=J3-10
Added Pin To Net: NetName=RESET Pin=R17-2
Added Pin To Net: NetName=RESET Pin=S5-2
Added Pin To Net: NetName=RESET Pin=U1-79
Added Net: Name=RESET
Added Pin To Net: NetName=SPI0_PCS0 Pin=T1-3
Added Pin To Net: NetName=SPI0_PCS0 Pin=U1-67
Added Net: Name=SPI0_PCS0
Added Pin To Net: NetName=SPI0_SCK Pin=T1-7
Added Pin To Net: NetName=SPI0_SCK Pin=U1-76
Added Net: Name=SPI0_SCK
Added Pin To Net: NetName=SPI0_SOUT Pin=T1-6
Added Pin To Net: NetName=SPI0_SOUT Pin=U1-75
Added Net: Name=SPI0_SOUT
Added Pin To Net: NetName=SW1 Pin=R7-2
Added Pin To Net: NetName=SW1 Pin=SW1-6
Added Pin To Net: NetName=SW1 Pin=U1-28
Added Net: Name=SW1
Added Pin To Net: NetName=SW2 Pin=R9-2
Added Pin To Net: NetName=SW2 Pin=SW1-7
Added Pin To Net: NetName=SW2 Pin=U1-27
Added Net: Name=SW2
Added Pin To Net: NetName=SW3 Pin=R11-2
Added Pin To Net: NetName=SW3 Pin=SW1-8
Added Pin To Net: NetName=SW3 Pin=U1-26
Added Net: Name=SW3
Added Pin To Net: NetName=SW4 Pin=R12-2
Added Pin To Net: NetName=SW4 Pin=SW1-9
Added Pin To Net: NetName=SW4 Pin=U1-24
Added Net: Name=SW4
Added Pin To Net: NetName=SW5 Pin=R15-2
Added Pin To Net: NetName=SW5 Pin=SW1-10
Added Pin To Net: NetName=SW5 Pin=U1-23
Added Net: Name=SW5
Added Pin To Net: NetName=SWD_CLK Pin=J3-4
Added Pin To Net: NetName=SWD_CLK Pin=U1-78
Added Net: Name=SWD_CLK
Added Pin To Net: NetName=SWD_DIO Pin=J3-2
Added Pin To Net: NetName=SWD_DIO Pin=U1-80
Added Net: Name=SWD_DIO
Added Pin To Net: NetName=TFT_PE8 Pin=T1-4
Added Pin To Net: NetName=TFT_PE8 Pin=U1-17
Added Net: Name=TFT_PE8
Added Pin To Net: NetName=TFT_PE9 Pin=T1-5
Added Pin To Net: NetName=TFT_PE9 Pin=U1-16
Added Net: Name=TFT_PE9
Added Pin To Net: NetName=TRIG Pin=P1-2
Added Pin To Net: NetName=TRIG Pin=U1-2
Added Net: Name=TRIG
Added Pin To Net: NetName=V_BAT_D Pin=P3-1
Added Pin To Net: NetName=V_BAT_D Pin=P3-2
Added Pin To Net: NetName=V_BAT_D Pin=P3-3
Added Pin To Net: NetName=V_BAT_D Pin=S2-2
Added Pin To Net: NetName=V_BAT_D Pin=S2-3
Added Net: Name=V_BAT_D
Added Pin To Net: NetName=V_BAT_SYS Pin=C9-2
Added Pin To Net: NetName=V_BAT_SYS Pin=C10-2
Added Pin To Net: NetName=V_BAT_SYS Pin=C11-2
Added Pin To Net: NetName=V_BAT_SYS Pin=R18-2
Added Pin To Net: NetName=V_BAT_SYS Pin=S1-2
Added Pin To Net: NetName=V_BAT_SYS Pin=S1-3
Added Pin To Net: NetName=V_BAT_SYS Pin=U2-12
Added Pin To Net: NetName=V_BAT_SYS Pin=U2-13
Added Net: Name=V_BAT_SYS
Added Pin To Net: NetName=V_CAP Pin=P5-1
Added Pin To Net: NetName=V_CAP Pin=S1-1
Added Pin To Net: NetName=V_CAP Pin=S2-1
Added Net: Name=V_CAP
Added Pin To Net: NetName=WLC_ADC1 Pin=J5-3
Added Pin To Net: NetName=WLC_ADC1 Pin=U1-35
Added Net: Name=WLC_ADC1
Added Pin To Net: NetName=WLC_ADC2 Pin=J5-4
Added Pin To Net: NetName=WLC_ADC2 Pin=U1-36
Added Net: Name=WLC_ADC2
Added Pin To Net: NetName=WLC_FTM2 Pin=J5-1
Added Pin To Net: NetName=WLC_FTM2 Pin=U1-77
Added Net: Name=WLC_FTM2
Added Pin To Net: NetName=XTAL Pin=C8-2
Added Pin To Net: NetName=XTAL Pin=R14-1
Added Pin To Net: NetName=XTAL Pin=U1-14
Added Pin To Net: NetName=XTAL Pin=Y1-1
Added Net: Name=XTAL
Added Class: Name=thelast
